<?xml version="1.0" encoding="UTF-8"?>
<!-- Generated by org.testng.reporters.JUnitReportReporter -->
<testsuite hostname="TYSS-Akash-Deb" failures="0" tests="1" name="com.qsp.vtiger.leads.ToCreateALeadTest" time="19.511" errors="0" timestamp="09 Sep 2023 08:09:26 GMT" skipped="0">
  <testcase classname="com.qsp.vtiger.leads.ToCreateALeadTest" name="toCreateALeadAndVerifyTheLeadDetailsTest" time="19.511"/>
</testsuite> <!-- com.qsp.vtiger.leads.ToCreateALeadTest -->
