<?xml version="1.0" encoding="UTF-8"?>
<!-- Generated by org.testng.reporters.JUnitReportReporter -->
<testsuite hostname="TYSS-Akash-Deb" failures="0" tests="1" name="com.qsp.vtiger.products.CreateProductTest" time="28.343" errors="0" timestamp="09 Sep 2023 08:09:26 GMT" skipped="0">
  <testcase classname="com.qsp.vtiger.products.CreateProductTest" name="createProductAndVerifyProductInformationTest" time="28.343"/>
</testsuite> <!-- com.qsp.vtiger.products.CreateProductTest -->
